0 info it worked if it ends with ok
1 verbose cli [ '/usr/local/bin/node',
1 verbose cli   '/usr/local/bin/npm',
1 verbose cli   'install',
1 verbose cli   '--save-dev',
1 verbose cli   'eslint-config-airbnb',
1 verbose cli   'eslint@^#.#.#',
1 verbose cli   'eslint-plugin-jsx-a11y@^#.#.#',
1 verbose cli   'eslint-plugin-import@^#.#.#',
1 verbose cli   'eslint-plugin-react@^#.#.#' ]
2 info using npm@3.10.10
3 info using node@v6.10.0
4 silly loadCurrentTree Starting
5 silly install loadCurrentTree
6 silly install readLocalPackageData
7 silly fetchPackageMetaData eslint-config-airbnb@^14.1.0
8 silly fetchPackageMetaData eslint@^#.#.#
9 silly fetchPackageMetaData eslint-plugin-jsx-a11y@^#.#.#
10 silly fetchPackageMetaData eslint-plugin-import@^#.#.#
11 silly fetchPackageMetaData eslint-plugin-react@^#.#.#
12 silly fetchNamedPackageData eslint-config-airbnb
13 silly mapToRegistry name eslint-config-airbnb
14 silly mapToRegistry using default registry
15 silly mapToRegistry registry https://registry.npmjs.org/
16 silly mapToRegistry data Result {
16 silly mapToRegistry   raw: 'eslint-config-airbnb',
16 silly mapToRegistry   scope: null,
16 silly mapToRegistry   escapedName: 'eslint-config-airbnb',
16 silly mapToRegistry   name: 'eslint-config-airbnb',
16 silly mapToRegistry   rawSpec: '',
16 silly mapToRegistry   spec: 'latest',
16 silly mapToRegistry   type: 'tag' }
17 silly mapToRegistry uri https://registry.npmjs.org/eslint-config-airbnb
18 silly fetchNamedPackageData eslint
19 silly mapToRegistry name eslint
20 silly mapToRegistry using default registry
21 silly mapToRegistry registry https://registry.npmjs.org/
22 silly mapToRegistry data Result {
22 silly mapToRegistry   raw: 'eslint',
22 silly mapToRegistry   scope: null,
22 silly mapToRegistry   escapedName: 'eslint',
22 silly mapToRegistry   name: 'eslint',
22 silly mapToRegistry   rawSpec: '',
22 silly mapToRegistry   spec: 'latest',
22 silly mapToRegistry   type: 'tag' }
23 silly mapToRegistry uri https://registry.npmjs.org/eslint
24 silly fetchNamedPackageData eslint-plugin-jsx-a11y
25 silly mapToRegistry name eslint-plugin-jsx-a11y
26 silly mapToRegistry using default registry
27 silly mapToRegistry registry https://registry.npmjs.org/
28 silly mapToRegistry data Result {
28 silly mapToRegistry   raw: 'eslint-plugin-jsx-a11y',
28 silly mapToRegistry   scope: null,
28 silly mapToRegistry   escapedName: 'eslint-plugin-jsx-a11y',
28 silly mapToRegistry   name: 'eslint-plugin-jsx-a11y',
28 silly mapToRegistry   rawSpec: '',
28 silly mapToRegistry   spec: 'latest',
28 silly mapToRegistry   type: 'tag' }
29 silly mapToRegistry uri https://registry.npmjs.org/eslint-plugin-jsx-a11y
30 silly fetchNamedPackageData eslint-plugin-import
31 silly mapToRegistry name eslint-plugin-import
32 silly mapToRegistry using default registry
33 silly mapToRegistry registry https://registry.npmjs.org/
34 silly mapToRegistry data Result {
34 silly mapToRegistry   raw: 'eslint-plugin-import',
34 silly mapToRegistry   scope: null,
34 silly mapToRegistry   escapedName: 'eslint-plugin-import',
34 silly mapToRegistry   name: 'eslint-plugin-import',
34 silly mapToRegistry   rawSpec: '',
34 silly mapToRegistry   spec: 'latest',
34 silly mapToRegistry   type: 'tag' }
35 silly mapToRegistry uri https://registry.npmjs.org/eslint-plugin-import
36 silly fetchNamedPackageData eslint-plugin-react
37 silly mapToRegistry name eslint-plugin-react
38 silly mapToRegistry using default registry
39 silly mapToRegistry registry https://registry.npmjs.org/
40 silly mapToRegistry data Result {
40 silly mapToRegistry   raw: 'eslint-plugin-react',
40 silly mapToRegistry   scope: null,
40 silly mapToRegistry   escapedName: 'eslint-plugin-react',
40 silly mapToRegistry   name: 'eslint-plugin-react',
40 silly mapToRegistry   rawSpec: '',
40 silly mapToRegistry   spec: 'latest',
40 silly mapToRegistry   type: 'tag' }
41 silly mapToRegistry uri https://registry.npmjs.org/eslint-plugin-react
42 verbose request uri https://registry.npmjs.org/eslint-config-airbnb
43 verbose request no auth needed
44 info attempt registry request try #1 at 1:08:56 PM
45 verbose request id b9f8d17115e302ec
46 verbose etag W/"5910be2f-12e2a"
47 verbose lastModified Mon, 08 May 2017 18:51:27 GMT
48 http request GET https://registry.npmjs.org/eslint-config-airbnb
49 verbose request uri https://registry.npmjs.org/eslint-plugin-jsx-a11y
50 verbose request no auth needed
51 info attempt registry request try #1 at 1:08:56 PM
52 verbose etag W/"590f5e36-1e2a4"
53 verbose lastModified Sun, 07 May 2017 17:49:42 GMT
54 http request GET https://registry.npmjs.org/eslint-plugin-jsx-a11y
55 verbose request uri https://registry.npmjs.org/eslint-plugin-import
56 verbose request no auth needed
57 info attempt registry request try #1 at 1:08:56 PM
58 verbose etag W/"590094f0-2caff"
59 verbose lastModified Wed, 26 Apr 2017 12:39:12 GMT
60 http request GET https://registry.npmjs.org/eslint-plugin-import
61 verbose request uri https://registry.npmjs.org/eslint
62 verbose request no auth needed
63 info attempt registry request try #1 at 1:08:56 PM
64 verbose etag W/"590d9b8a-6f7f1"
65 verbose lastModified Sat, 06 May 2017 09:46:50 GMT
66 http request GET https://registry.npmjs.org/eslint
67 verbose request uri https://registry.npmjs.org/eslint-plugin-react
68 verbose request no auth needed
69 info attempt registry request try #1 at 1:08:56 PM
70 verbose etag W/"590d14ff-2d59f"
71 verbose lastModified Sat, 06 May 2017 00:12:47 GMT
72 http request GET https://registry.npmjs.org/eslint-plugin-react
73 http 304 https://registry.npmjs.org/eslint-plugin-jsx-a11y
74 verbose headers { date: 'Mon, 08 May 2017 20:08:56 GMT',
74 verbose headers   via: '1.1 varnish',
74 verbose headers   'cache-control': 'max-age=300',
74 verbose headers   etag: 'W/"590f5e36-1e2a4"',
74 verbose headers   age: '294',
74 verbose headers   connection: 'keep-alive',
74 verbose headers   'x-served-by': 'cache-sjc3124-SJC',
74 verbose headers   'x-cache': 'HIT',
74 verbose headers   'x-cache-hits': '1',
74 verbose headers   'x-timer': 'S1494274136.105608,VS0,VE1',
74 verbose headers   vary: 'Accept-Encoding' }
75 silly get cb [ 304,
75 silly get   { date: 'Mon, 08 May 2017 20:08:56 GMT',
75 silly get     via: '1.1 varnish',
75 silly get     'cache-control': 'max-age=300',
75 silly get     etag: 'W/"590f5e36-1e2a4"',
75 silly get     age: '294',
75 silly get     connection: 'keep-alive',
75 silly get     'x-served-by': 'cache-sjc3124-SJC',
75 silly get     'x-cache': 'HIT',
75 silly get     'x-cache-hits': '1',
75 silly get     'x-timer': 'S1494274136.105608,VS0,VE1',
75 silly get     vary: 'Accept-Encoding' } ]
76 verbose etag https://registry.npmjs.org/eslint-plugin-jsx-a11y from cache
77 verbose get saving eslint-plugin-jsx-a11y to /Users/jlb1982/.npm/registry.npmjs.org/eslint-plugin-jsx-a11y/.cache.json
78 verbose correctMkdir /Users/jlb1982/.npm correctMkdir not in flight; initializing
79 http 304 https://registry.npmjs.org/eslint-config-airbnb
80 verbose headers { date: 'Mon, 08 May 2017 20:08:56 GMT',
80 verbose headers   via: '1.1 varnish',
80 verbose headers   'cache-control': 'max-age=300',
80 verbose headers   etag: 'W/"5910be2f-12e2a"',
80 verbose headers   age: '280',
80 verbose headers   connection: 'keep-alive',
80 verbose headers   'x-served-by': 'cache-sjc3126-SJC',
80 verbose headers   'x-cache': 'HIT',
80 verbose headers   'x-cache-hits': '1',
80 verbose headers   'x-timer': 'S1494274136.106324,VS0,VE1',
80 verbose headers   vary: 'Accept-Encoding' }
81 silly get cb [ 304,
81 silly get   { date: 'Mon, 08 May 2017 20:08:56 GMT',
81 silly get     via: '1.1 varnish',
81 silly get     'cache-control': 'max-age=300',
81 silly get     etag: 'W/"5910be2f-12e2a"',
81 silly get     age: '280',
81 silly get     connection: 'keep-alive',
81 silly get     'x-served-by': 'cache-sjc3126-SJC',
81 silly get     'x-cache': 'HIT',
81 silly get     'x-cache-hits': '1',
81 silly get     'x-timer': 'S1494274136.106324,VS0,VE1',
81 silly get     vary: 'Accept-Encoding' } ]
82 verbose etag https://registry.npmjs.org/eslint-config-airbnb from cache
83 verbose get saving eslint-config-airbnb to /Users/jlb1982/.npm/registry.npmjs.org/eslint-config-airbnb/.cache.json
84 verbose correctMkdir /Users/jlb1982/.npm correctMkdir already in flight; waiting
85 http 304 https://registry.npmjs.org/eslint-plugin-import
86 verbose headers { date: 'Mon, 08 May 2017 20:08:56 GMT',
86 verbose headers   via: '1.1 varnish',
86 verbose headers   'cache-control': 'max-age=300',
86 verbose headers   etag: 'W/"590094f0-2caff"',
86 verbose headers   age: '245',
86 verbose headers   connection: 'keep-alive',
86 verbose headers   'x-served-by': 'cache-sjc3651-SJC',
86 verbose headers   'x-cache': 'HIT',
86 verbose headers   'x-cache-hits': '1',
86 verbose headers   'x-timer': 'S1494274136.107680,VS0,VE1',
86 verbose headers   vary: 'Accept-Encoding' }
87 silly get cb [ 304,
87 silly get   { date: 'Mon, 08 May 2017 20:08:56 GMT',
87 silly get     via: '1.1 varnish',
87 silly get     'cache-control': 'max-age=300',
87 silly get     etag: 'W/"590094f0-2caff"',
87 silly get     age: '245',
87 silly get     connection: 'keep-alive',
87 silly get     'x-served-by': 'cache-sjc3651-SJC',
87 silly get     'x-cache': 'HIT',
87 silly get     'x-cache-hits': '1',
87 silly get     'x-timer': 'S1494274136.107680,VS0,VE1',
87 silly get     vary: 'Accept-Encoding' } ]
88 verbose etag https://registry.npmjs.org/eslint-plugin-import from cache
89 verbose get saving eslint-plugin-import to /Users/jlb1982/.npm/registry.npmjs.org/eslint-plugin-import/.cache.json
90 verbose correctMkdir /Users/jlb1982/.npm correctMkdir already in flight; waiting
91 http 304 https://registry.npmjs.org/eslint-plugin-react
92 verbose headers { date: 'Mon, 08 May 2017 20:08:56 GMT',
92 verbose headers   via: '1.1 varnish',
92 verbose headers   'cache-control': 'max-age=300',
92 verbose headers   etag: 'W/"590d14ff-2d59f"',
92 verbose headers   age: '155',
92 verbose headers   connection: 'keep-alive',
92 verbose headers   'x-served-by': 'cache-sjc3143-SJC',
92 verbose headers   'x-cache': 'HIT',
92 verbose headers   'x-cache-hits': '1',
92 verbose headers   'x-timer': 'S1494274136.108092,VS0,VE1',
92 verbose headers   vary: 'Accept-Encoding' }
93 silly get cb [ 304,
93 silly get   { date: 'Mon, 08 May 2017 20:08:56 GMT',
93 silly get     via: '1.1 varnish',
93 silly get     'cache-control': 'max-age=300',
93 silly get     etag: 'W/"590d14ff-2d59f"',
93 silly get     age: '155',
93 silly get     connection: 'keep-alive',
93 silly get     'x-served-by': 'cache-sjc3143-SJC',
93 silly get     'x-cache': 'HIT',
93 silly get     'x-cache-hits': '1',
93 silly get     'x-timer': 'S1494274136.108092,VS0,VE1',
93 silly get     vary: 'Accept-Encoding' } ]
94 verbose etag https://registry.npmjs.org/eslint-plugin-react from cache
95 verbose get saving eslint-plugin-react to /Users/jlb1982/.npm/registry.npmjs.org/eslint-plugin-react/.cache.json
96 verbose correctMkdir /Users/jlb1982/.npm correctMkdir already in flight; waiting
97 http 304 https://registry.npmjs.org/eslint
98 verbose headers { date: 'Mon, 08 May 2017 20:08:56 GMT',
98 verbose headers   via: '1.1 varnish',
98 verbose headers   'cache-control': 'max-age=300',
98 verbose headers   etag: 'W/"590d9b8a-6f7f1"',
98 verbose headers   age: '155',
98 verbose headers   connection: 'keep-alive',
98 verbose headers   'x-served-by': 'cache-sjc3630-SJC',
98 verbose headers   'x-cache': 'HIT',
98 verbose headers   'x-cache-hits': '2',
98 verbose headers   'x-timer': 'S1494274136.110324,VS0,VE0',
98 verbose headers   vary: 'Accept-Encoding' }
99 silly get cb [ 304,
99 silly get   { date: 'Mon, 08 May 2017 20:08:56 GMT',
99 silly get     via: '1.1 varnish',
99 silly get     'cache-control': 'max-age=300',
99 silly get     etag: 'W/"590d9b8a-6f7f1"',
99 silly get     age: '155',
99 silly get     connection: 'keep-alive',
99 silly get     'x-served-by': 'cache-sjc3630-SJC',
99 silly get     'x-cache': 'HIT',
99 silly get     'x-cache-hits': '2',
99 silly get     'x-timer': 'S1494274136.110324,VS0,VE0',
99 silly get     vary: 'Accept-Encoding' } ]
100 verbose etag https://registry.npmjs.org/eslint from cache
101 verbose get saving eslint to /Users/jlb1982/.npm/registry.npmjs.org/eslint/.cache.json
102 verbose correctMkdir /Users/jlb1982/.npm correctMkdir already in flight; waiting
103 silly fetchNamedPackageData No valid target from cache, forcing network
104 verbose request uri https://registry.npmjs.org/eslint-plugin-jsx-a11y
105 verbose request no auth needed
106 info attempt registry request try #1 at 1:08:56 PM
107 http request GET https://registry.npmjs.org/eslint-plugin-jsx-a11y
108 silly fetchNamedPackageData No valid target from cache, forcing network
109 verbose request uri https://registry.npmjs.org/eslint-plugin-import
110 verbose request no auth needed
111 info attempt registry request try #1 at 1:08:56 PM
112 http request GET https://registry.npmjs.org/eslint-plugin-import
113 silly fetchNamedPackageData No valid target from cache, forcing network
114 verbose request uri https://registry.npmjs.org/eslint
115 verbose request no auth needed
116 info attempt registry request try #1 at 1:08:56 PM
117 http request GET https://registry.npmjs.org/eslint
118 silly fetchNamedPackageData No valid target from cache, forcing network
119 verbose request uri https://registry.npmjs.org/eslint-plugin-react
120 verbose request no auth needed
121 info attempt registry request try #1 at 1:08:56 PM
122 http request GET https://registry.npmjs.org/eslint-plugin-react
123 http 200 https://registry.npmjs.org/eslint-plugin-jsx-a11y
124 verbose headers { server: 'nginx/1.10.1',
124 verbose headers   'content-type': 'application/json',
124 verbose headers   'last-modified': 'Sun, 07 May 2017 17:49:42 GMT',
124 verbose headers   etag: 'W/"590f5e36-1e2a4"',
124 verbose headers   'content-encoding': 'gzip',
124 verbose headers   'cache-control': 'max-age=300',
124 verbose headers   'content-length': '13173',
124 verbose headers   'accept-ranges': 'bytes',
124 verbose headers   date: 'Mon, 08 May 2017 20:08:56 GMT',
124 verbose headers   via: '1.1 varnish',
124 verbose headers   age: '294',
124 verbose headers   connection: 'keep-alive',
124 verbose headers   'x-served-by': 'cache-sjc3124-SJC',
124 verbose headers   'x-cache': 'HIT',
124 verbose headers   'x-cache-hits': '2',
124 verbose headers   'x-timer': 'S1494274136.148980,VS0,VE0',
124 verbose headers   vary: 'Accept-Encoding' }
125 silly get cb [ 200,
125 silly get   { server: 'nginx/1.10.1',
125 silly get     'content-type': 'application/json',
125 silly get     'last-modified': 'Sun, 07 May 2017 17:49:42 GMT',
125 silly get     etag: 'W/"590f5e36-1e2a4"',
125 silly get     'content-encoding': 'gzip',
125 silly get     'cache-control': 'max-age=300',
125 silly get     'content-length': '13173',
125 silly get     'accept-ranges': 'bytes',
125 silly get     date: 'Mon, 08 May 2017 20:08:56 GMT',
125 silly get     via: '1.1 varnish',
125 silly get     age: '294',
125 silly get     connection: 'keep-alive',
125 silly get     'x-served-by': 'cache-sjc3124-SJC',
125 silly get     'x-cache': 'HIT',
125 silly get     'x-cache-hits': '2',
125 silly get     'x-timer': 'S1494274136.148980,VS0,VE0',
125 silly get     vary: 'Accept-Encoding' } ]
126 verbose get saving eslint-plugin-jsx-a11y to /Users/jlb1982/.npm/registry.npmjs.org/eslint-plugin-jsx-a11y/.cache.json
127 verbose correctMkdir /Users/jlb1982/.npm correctMkdir not in flight; initializing
128 http 200 https://registry.npmjs.org/eslint-plugin-react
129 verbose headers { server: 'nginx/1.10.3',
129 verbose headers   'content-type': 'application/json',
129 verbose headers   'last-modified': 'Sat, 06 May 2017 00:12:47 GMT',
129 verbose headers   etag: 'W/"590d14ff-2d59f"',
129 verbose headers   'content-encoding': 'gzip',
129 verbose headers   'cache-control': 'max-age=300',
129 verbose headers   'content-length': '18293',
129 verbose headers   'accept-ranges': 'bytes',
129 verbose headers   date: 'Mon, 08 May 2017 20:08:56 GMT',
129 verbose headers   via: '1.1 varnish',
129 verbose headers   age: '155',
129 verbose headers   connection: 'keep-alive',
129 verbose headers   'x-served-by': 'cache-sjc3143-SJC',
129 verbose headers   'x-cache': 'HIT',
129 verbose headers   'x-cache-hits': '2',
129 verbose headers   'x-timer': 'S1494274136.153791,VS0,VE0',
129 verbose headers   vary: 'Accept-Encoding' }
130 silly get cb [ 200,
130 silly get   { server: 'nginx/1.10.3',
130 silly get     'content-type': 'application/json',
130 silly get     'last-modified': 'Sat, 06 May 2017 00:12:47 GMT',
130 silly get     etag: 'W/"590d14ff-2d59f"',
130 silly get     'content-encoding': 'gzip',
130 silly get     'cache-control': 'max-age=300',
130 silly get     'content-length': '18293',
130 silly get     'accept-ranges': 'bytes',
130 silly get     date: 'Mon, 08 May 2017 20:08:56 GMT',
130 silly get     via: '1.1 varnish',
130 silly get     age: '155',
130 silly get     connection: 'keep-alive',
130 silly get     'x-served-by': 'cache-sjc3143-SJC',
130 silly get     'x-cache': 'HIT',
130 silly get     'x-cache-hits': '2',
130 silly get     'x-timer': 'S1494274136.153791,VS0,VE0',
130 silly get     vary: 'Accept-Encoding' } ]
131 verbose get saving eslint-plugin-react to /Users/jlb1982/.npm/registry.npmjs.org/eslint-plugin-react/.cache.json
132 verbose correctMkdir /Users/jlb1982/.npm correctMkdir not in flight; initializing
133 silly fetchPackageMetaData Error: No compatible version found: eslint-plugin-jsx-a11y@^#.#.#
133 silly fetchPackageMetaData Valid install targets:
133 silly fetchPackageMetaData 5.0.1, 5.0.0, 4.0.0, 3.0.2, 3.0.1, 2.2.3, 2.2.2, 2.2.1, 2.2.0, 2.1.0, 2.0.1, 2.0.0, 1.5.5, 1.5.4, 1.5.3, 1.5.2, 1.5.1, 1.5.0, 1.4.2, 1.4.1, 1.4.0, 1.3.0, 1.2.3, 1.2.2, 1.2.1, 1.2.0, 1.1.0, 1.0.4, 1.0.3, 1.0.2, 1.0.1, 1.0.0, 0.6.2, 0.6.1, 0.6.0, 0.5.4, 0.5.3, 0.5.2, 0.5.1, 0.5.0, 0.4.3, 0.4.2, 0.4.1, 0.4.0, 0.3.1, 0.3.0, 0.2.2, 0.2.1, 0.2.0, 0.1.2, 0.1.1, 0.1.0, 0.0.2, 0.0.1
133 silly fetchPackageMetaData
133 silly fetchPackageMetaData     at pickVersionFromRegistryDocument (/usr/local/lib/node_modules/npm/lib/fetch-package-metadata.js:178:16)
133 silly fetchPackageMetaData     at /usr/local/lib/node_modules/npm/node_modules/iferr/index.js:13:50
133 silly fetchPackageMetaData     at /usr/local/lib/node_modules/npm/lib/utils/pulse-till-done.js:20:8
133 silly fetchPackageMetaData     at saved (/usr/local/lib/node_modules/npm/lib/cache/caching-client.js:174:7)
133 silly fetchPackageMetaData     at /usr/local/lib/node_modules/npm/node_modules/graceful-fs/polyfills.js:241:18
133 silly fetchPackageMetaData     at FSReqWrap.oncomplete (fs.js:123:15)
133 silly fetchPackageMetaData  error for eslint-plugin-jsx-a11y@^#.#.# { Error: No compatible version found: eslint-plugin-jsx-a11y@^#.#.#
133 silly fetchPackageMetaData Valid install targets:
133 silly fetchPackageMetaData 5.0.1, 5.0.0, 4.0.0, 3.0.2, 3.0.1, 2.2.3, 2.2.2, 2.2.1, 2.2.0, 2.1.0, 2.0.1, 2.0.0, 1.5.5, 1.5.4, 1.5.3, 1.5.2, 1.5.1, 1.5.0, 1.4.2, 1.4.1, 1.4.0, 1.3.0, 1.2.3, 1.2.2, 1.2.1, 1.2.0, 1.1.0, 1.0.4, 1.0.3, 1.0.2, 1.0.1, 1.0.0, 0.6.2, 0.6.1, 0.6.0, 0.5.4, 0.5.3, 0.5.2, 0.5.1, 0.5.0, 0.4.3, 0.4.2, 0.4.1, 0.4.0, 0.3.1, 0.3.0, 0.2.2, 0.2.1, 0.2.0, 0.1.2, 0.1.1, 0.1.0, 0.0.2, 0.0.1
133 silly fetchPackageMetaData
133 silly fetchPackageMetaData     at pickVersionFromRegistryDocument (/usr/local/lib/node_modules/npm/lib/fetch-package-metadata.js:178:16)
133 silly fetchPackageMetaData     at /usr/local/lib/node_modules/npm/node_modules/iferr/index.js:13:50
133 silly fetchPackageMetaData     at /usr/local/lib/node_modules/npm/lib/utils/pulse-till-done.js:20:8
133 silly fetchPackageMetaData     at saved (/usr/local/lib/node_modules/npm/lib/cache/caching-client.js:174:7)
133 silly fetchPackageMetaData     at /usr/local/lib/node_modules/npm/node_modules/graceful-fs/polyfills.js:241:18
133 silly fetchPackageMetaData     at FSReqWrap.oncomplete (fs.js:123:15) code: 'ETARGET' }
134 http 200 https://registry.npmjs.org/eslint-plugin-import
135 verbose headers { server: 'nginx/1.10.1',
135 verbose headers   'content-type': 'application/json',
135 verbose headers   'last-modified': 'Wed, 26 Apr 2017 12:39:12 GMT',
135 verbose headers   etag: 'W/"590094f0-2caff"',
135 verbose headers   'content-encoding': 'gzip',
135 verbose headers   'cache-control': 'max-age=300',
135 verbose headers   'content-length': '17203',
135 verbose headers   'accept-ranges': 'bytes',
135 verbose headers   date: 'Mon, 08 May 2017 20:08:56 GMT',
135 verbose headers   via: '1.1 varnish',
135 verbose headers   age: '245',
135 verbose headers   connection: 'keep-alive',
135 verbose headers   'x-served-by': 'cache-sjc3126-SJC',
135 verbose headers   'x-cache': 'HIT',
135 verbose headers   'x-cache-hits': '2',
135 verbose headers   'x-timer': 'S1494274136.149262,VS0,VE0',
135 verbose headers   vary: 'Accept-Encoding' }
136 silly get cb [ 200,
136 silly get   { server: 'nginx/1.10.1',
136 silly get     'content-type': 'application/json',
136 silly get     'last-modified': 'Wed, 26 Apr 2017 12:39:12 GMT',
136 silly get     etag: 'W/"590094f0-2caff"',
136 silly get     'content-encoding': 'gzip',
136 silly get     'cache-control': 'max-age=300',
136 silly get     'content-length': '17203',
136 silly get     'accept-ranges': 'bytes',
136 silly get     date: 'Mon, 08 May 2017 20:08:56 GMT',
136 silly get     via: '1.1 varnish',
136 silly get     age: '245',
136 silly get     connection: 'keep-alive',
136 silly get     'x-served-by': 'cache-sjc3126-SJC',
136 silly get     'x-cache': 'HIT',
136 silly get     'x-cache-hits': '2',
136 silly get     'x-timer': 'S1494274136.149262,VS0,VE0',
136 silly get     vary: 'Accept-Encoding' } ]
137 verbose get saving eslint-plugin-import to /Users/jlb1982/.npm/registry.npmjs.org/eslint-plugin-import/.cache.json
138 verbose correctMkdir /Users/jlb1982/.npm correctMkdir not in flight; initializing
139 silly fetchPackageMetaData Error: No compatible version found: eslint-plugin-react@^#.#.#
139 silly fetchPackageMetaData Valid install targets:
139 silly fetchPackageMetaData 7.0.0, 7.0.0-rc.1, 7.0.0-rc.0, 6.10.3, 6.10.2, 6.10.1, 6.10.0, 6.9.0, 6.8.0, 6.7.1, 6.7.0, 6.6.0, 6.5.0, 6.4.1, 6.4.0, 6.3.0, 6.2.2, 6.2.1, 6.2.0, 6.1.2, 6.1.1, 6.1.0, 6.0.0, 6.0.0-rc.1, 6.0.0-rc.0, 6.0.0-alpha.2, 6.0.0-alpha.1, 5.2.2, 5.2.1, 5.2.0, 5.1.1, 5.1.0, 5.0.1, 5.0.0, 4.3.0, 4.2.3, 4.2.2, 4.2.1, 4.2.0, 4.1.0, 4.0.0, 4.0.0-rc.1, 4.0.0-rc.0, 3.16.1, 3.16.0, 3.15.0, 3.14.0, 3.13.1, 3.13.0, 3.12.0, 3.11.3, 3.11.2, 3.11.1, 3.11.0, 3.10.0, 3.9.0, 3.8.0, 3.7.1, 3.7.0, 3.6.3, 3.6.2, 3.6.1, 3.6.0, 3.5.1, 3.5.0, 3.4.2, 3.4.1, 3.4.0, 3.3.2, 3.3.1, 3.3.0, 3.2.3, 3.2.2, 3.2.1, 3.2.0, 3.1.0, 3.0.0, 2.7.1, 2.7.0, 2.6.4, 2.6.3, 2.6.2, 2.6.1, 2.6.0, 2.5.2, 2.5.1, 2.5.0, 2.4.0, 2.3.0, 2.2.0, 2.1.1, 2.1.0, 2.0.2, 2.0.1, 2.0.0, 1.6.1, 1.6.0, 1.5.0, 1.4.1, 1.4.0, 1.3.0, 1.2.2, 1.2.1, 1.2.0, 1.1.0, 1.0.0
139 silly fetchPackageMetaData
139 silly fetchPackageMetaData     at pickVersionFromRegistryDocument (/usr/local/lib/node_modules/npm/lib/fetch-package-metadata.js:178:16)
139 silly fetchPackageMetaData     at /usr/local/lib/node_modules/npm/node_modules/iferr/index.js:13:50
139 silly fetchPackageMetaData     at /usr/local/lib/node_modules/npm/lib/utils/pulse-till-done.js:20:8
139 silly fetchPackageMetaData     at saved (/usr/local/lib/node_modules/npm/lib/cache/caching-client.js:174:7)
139 silly fetchPackageMetaData     at /usr/local/lib/node_modules/npm/node_modules/graceful-fs/polyfills.js:241:18
139 silly fetchPackageMetaData     at FSReqWrap.oncomplete (fs.js:123:15)
139 silly fetchPackageMetaData  error for eslint-plugin-react@^#.#.# { Error: No compatible version found: eslint-plugin-react@^#.#.#
139 silly fetchPackageMetaData Valid install targets:
139 silly fetchPackageMetaData 7.0.0, 7.0.0-rc.1, 7.0.0-rc.0, 6.10.3, 6.10.2, 6.10.1, 6.10.0, 6.9.0, 6.8.0, 6.7.1, 6.7.0, 6.6.0, 6.5.0, 6.4.1, 6.4.0, 6.3.0, 6.2.2, 6.2.1, 6.2.0, 6.1.2, 6.1.1, 6.1.0, 6.0.0, 6.0.0-rc.1, 6.0.0-rc.0, 6.0.0-alpha.2, 6.0.0-alpha.1, 5.2.2, 5.2.1, 5.2.0, 5.1.1, 5.1.0, 5.0.1, 5.0.0, 4.3.0, 4.2.3, 4.2.2, 4.2.1, 4.2.0, 4.1.0, 4.0.0, 4.0.0-rc.1, 4.0.0-rc.0, 3.16.1, 3.16.0, 3.15.0, 3.14.0, 3.13.1, 3.13.0, 3.12.0, 3.11.3, 3.11.2, 3.11.1, 3.11.0, 3.10.0, 3.9.0, 3.8.0, 3.7.1, 3.7.0, 3.6.3, 3.6.2, 3.6.1, 3.6.0, 3.5.1, 3.5.0, 3.4.2, 3.4.1, 3.4.0, 3.3.2, 3.3.1, 3.3.0, 3.2.3, 3.2.2, 3.2.1, 3.2.0, 3.1.0, 3.0.0, 2.7.1, 2.7.0, 2.6.4, 2.6.3, 2.6.2, 2.6.1, 2.6.0, 2.5.2, 2.5.1, 2.5.0, 2.4.0, 2.3.0, 2.2.0, 2.1.1, 2.1.0, 2.0.2, 2.0.1, 2.0.0, 1.6.1, 1.6.0, 1.5.0, 1.4.1, 1.4.0, 1.3.0, 1.2.2, 1.2.1, 1.2.0, 1.1.0, 1.0.0
139 silly fetchPackageMetaData
139 silly fetchPackageMetaData     at pickVersionFromRegistryDocument (/usr/local/lib/node_modules/npm/lib/fetch-package-metadata.js:178:16)
139 silly fetchPackageMetaData     at /usr/local/lib/node_modules/npm/node_modules/iferr/index.js:13:50
139 silly fetchPackageMetaData     at /usr/local/lib/node_modules/npm/lib/utils/pulse-till-done.js:20:8
139 silly fetchPackageMetaData     at saved (/usr/local/lib/node_modules/npm/lib/cache/caching-client.js:174:7)
139 silly fetchPackageMetaData     at /usr/local/lib/node_modules/npm/node_modules/graceful-fs/polyfills.js:241:18
139 silly fetchPackageMetaData     at FSReqWrap.oncomplete (fs.js:123:15) code: 'ETARGET' }
140 silly fetchPackageMetaData Error: No compatible version found: eslint-plugin-import@^#.#.#
140 silly fetchPackageMetaData Valid install targets:
140 silly fetchPackageMetaData 2.2.0, 2.1.0, 2.0.1, 2.0.0, 2.0.0-beta.1, 2.0.0-beta.0, 1.16.0, 1.15.0, 1.14.0, 1.13.0, 1.12.0, 1.11.1, 1.11.0, 1.10.3, 1.10.2, 1.10.0, 1.9.2, 1.9.1, 1.9.0, 1.8.1, 1.8.0, 1.7.0, 1.6.1, 1.6.0, 1.5.0, 1.4.0, 1.3.0, 1.2.0, 1.1.0, 1.0.4, 1.0.3, 1.0.2, 1.0.1, 1.0.0, 1.0.0-beta.0, 0.13.0, 0.12.1, 0.12.0, 0.11.0, 0.10.1, 0.10.0, 0.9.1, 0.8.1, 0.8.0, 0.7.9, 0.7.8, 0.7.7, 0.7.5, 0.7.4, 0.7.3, 0.7.2, 0.7.1, 0.7.0, 0.6.0, 0.5.2, 0.5.1, 0.4.5, 0.4.4, 0.4.3, 0.4.2, 0.4.1, 0.4.0, 0.3.13, 0.3.12, 0.3.11, 0.3.10, 0.3.9, 0.3.8, 0.3.6, 0.3.5, 0.3.4, 0.3.3, 0.3.2, 0.3.0
140 silly fetchPackageMetaData
140 silly fetchPackageMetaData     at pickVersionFromRegistryDocument (/usr/local/lib/node_modules/npm/lib/fetch-package-metadata.js:178:16)
140 silly fetchPackageMetaData     at /usr/local/lib/node_modules/npm/node_modules/iferr/index.js:13:50
140 silly fetchPackageMetaData     at /usr/local/lib/node_modules/npm/lib/utils/pulse-till-done.js:20:8
140 silly fetchPackageMetaData     at saved (/usr/local/lib/node_modules/npm/lib/cache/caching-client.js:174:7)
140 silly fetchPackageMetaData     at /usr/local/lib/node_modules/npm/node_modules/graceful-fs/polyfills.js:241:18
140 silly fetchPackageMetaData     at FSReqWrap.oncomplete (fs.js:123:15)
140 silly fetchPackageMetaData  error for eslint-plugin-import@^#.#.# { Error: No compatible version found: eslint-plugin-import@^#.#.#
140 silly fetchPackageMetaData Valid install targets:
140 silly fetchPackageMetaData 2.2.0, 2.1.0, 2.0.1, 2.0.0, 2.0.0-beta.1, 2.0.0-beta.0, 1.16.0, 1.15.0, 1.14.0, 1.13.0, 1.12.0, 1.11.1, 1.11.0, 1.10.3, 1.10.2, 1.10.0, 1.9.2, 1.9.1, 1.9.0, 1.8.1, 1.8.0, 1.7.0, 1.6.1, 1.6.0, 1.5.0, 1.4.0, 1.3.0, 1.2.0, 1.1.0, 1.0.4, 1.0.3, 1.0.2, 1.0.1, 1.0.0, 1.0.0-beta.0, 0.13.0, 0.12.1, 0.12.0, 0.11.0, 0.10.1, 0.10.0, 0.9.1, 0.8.1, 0.8.0, 0.7.9, 0.7.8, 0.7.7, 0.7.5, 0.7.4, 0.7.3, 0.7.2, 0.7.1, 0.7.0, 0.6.0, 0.5.2, 0.5.1, 0.4.5, 0.4.4, 0.4.3, 0.4.2, 0.4.1, 0.4.0, 0.3.13, 0.3.12, 0.3.11, 0.3.10, 0.3.9, 0.3.8, 0.3.6, 0.3.5, 0.3.4, 0.3.3, 0.3.2, 0.3.0
140 silly fetchPackageMetaData
140 silly fetchPackageMetaData     at pickVersionFromRegistryDocument (/usr/local/lib/node_modules/npm/lib/fetch-package-metadata.js:178:16)
140 silly fetchPackageMetaData     at /usr/local/lib/node_modules/npm/node_modules/iferr/index.js:13:50
140 silly fetchPackageMetaData     at /usr/local/lib/node_modules/npm/lib/utils/pulse-till-done.js:20:8
140 silly fetchPackageMetaData     at saved (/usr/local/lib/node_modules/npm/lib/cache/caching-client.js:174:7)
140 silly fetchPackageMetaData     at /usr/local/lib/node_modules/npm/node_modules/graceful-fs/polyfills.js:241:18
140 silly fetchPackageMetaData     at FSReqWrap.oncomplete (fs.js:123:15) code: 'ETARGET' }
141 http 200 https://registry.npmjs.org/eslint
142 verbose headers { server: 'nginx/1.10.1',
142 verbose headers   'content-type': 'application/json',
142 verbose headers   'last-modified': 'Sat, 06 May 2017 09:46:50 GMT',
142 verbose headers   etag: 'W/"590d9b8a-6f7f1"',
142 verbose headers   'content-encoding': 'gzip',
142 verbose headers   'cache-control': 'max-age=300',
142 verbose headers   'content-length': '27537',
142 verbose headers   'accept-ranges': 'bytes',
142 verbose headers   date: 'Mon, 08 May 2017 20:08:56 GMT',
142 verbose headers   via: '1.1 varnish',
142 verbose headers   age: '156',
142 verbose headers   connection: 'keep-alive',
142 verbose headers   'x-served-by': 'cache-sjc3651-SJC',
142 verbose headers   'x-cache': 'HIT',
142 verbose headers   'x-cache-hits': '2',
142 verbose headers   'x-timer': 'S1494274136.150225,VS0,VE0',
142 verbose headers   vary: 'Accept-Encoding' }
143 silly get cb [ 200,
143 silly get   { server: 'nginx/1.10.1',
143 silly get     'content-type': 'application/json',
143 silly get     'last-modified': 'Sat, 06 May 2017 09:46:50 GMT',
143 silly get     etag: 'W/"590d9b8a-6f7f1"',
143 silly get     'content-encoding': 'gzip',
143 silly get     'cache-control': 'max-age=300',
143 silly get     'content-length': '27537',
143 silly get     'accept-ranges': 'bytes',
143 silly get     date: 'Mon, 08 May 2017 20:08:56 GMT',
143 silly get     via: '1.1 varnish',
143 silly get     age: '156',
143 silly get     connection: 'keep-alive',
143 silly get     'x-served-by': 'cache-sjc3651-SJC',
143 silly get     'x-cache': 'HIT',
143 silly get     'x-cache-hits': '2',
143 silly get     'x-timer': 'S1494274136.150225,VS0,VE0',
143 silly get     vary: 'Accept-Encoding' } ]
144 verbose get saving eslint to /Users/jlb1982/.npm/registry.npmjs.org/eslint/.cache.json
145 verbose correctMkdir /Users/jlb1982/.npm correctMkdir not in flight; initializing
146 silly fetchPackageMetaData Error: No compatible version found: eslint@^#.#.#
146 silly fetchPackageMetaData Valid install targets:
146 silly fetchPackageMetaData 4.0.0-alpha.2, 4.0.0-alpha.1, 4.0.0-alpha.0, 3.19.0, 3.18.0, 3.17.1, 3.17.0, 3.16.1, 3.16.0, 3.15.0, 3.14.1, 3.14.0, 3.13.1, 3.13.0, 3.12.2, 3.12.1, 3.12.0, 3.11.1, 3.11.0, 3.10.2, 3.10.1, 3.10.0, 3.9.1, 3.9.0, 3.8.1, 3.8.0, 3.7.1, 3.7.0, 3.6.1, 3.6.0, 3.5.0, 3.4.0, 3.3.1, 3.3.0, 3.2.2, 3.2.1, 3.2.0, 3.1.1, 3.1.0, 3.0.1, 3.0.0, 2.13.1, 2.13.0, 2.12.0, 2.11.1, 2.11.0, 2.10.2, 2.10.1, 2.10.0, 2.9.0, 2.8.0, 2.7.0, 2.6.0, 2.5.3, 2.5.2, 2.5.1, 2.5.0, 2.4.0, 2.3.0, 2.2.0, 2.1.0, 2.0.0, 2.0.0-rc.1, 2.0.0-rc.0, 2.0.0-beta.3, 2.0.0-beta.2, 2.0.0-beta.1, 2.0.0-alpha-2, 2.0.0-alpha-1, 1.10.3, 1.10.2, 1.10.1, 1.10.0, 1.9.0, 1.8.0, 1.7.3, 1.7.2, 1.7.1, 1.7.0, 1.6.0, 1.5.1, 1.5.0, 1.4.3, 1.4.2, 1.4.1, 1.4.0, 1.3.1, 1.3.0, 1.2.1, 1.2.0, 1.1.0, 1.0.0, 1.0.0-rc-3, 1.0.0-rc-2, 1.0.0-rc-1, 0.24.1, 0.24.0, 0.23.0, 0.22.1, 0.22.0, 0.21.2, 0.21.1, 0.21.0, 0.20.0, 0.19.0, 0.18.0, 0.17.1, 0.17.0, 0.16.2, 0.16.1, 0.16.0, 0.15.1, 0.15.0, 0.14.1, 0.14.0, 0.13.0, 0.12.0, 0.11.0, 0.11.0-alpha.0, 0.10.2, 0.10.1, 0.10.0, 0.10.0-alpha.2, 0.10.0-alpha.1, 0.10.0-alpha, 0.9.2, 0.9.1, 0.9.0, 0.8.2, 0.8.1, 0.8.0, 0.7.4, 0.7.3, 0.7.2, 0.7.1, 0.6.2, 0.6.1, 0.6.0, 0.5.1, 0.5.0, 0.4.5, 0.4.4, 0.4.3, 0.4.2, 0.4.1, 0.4.0, 0.3.0, 0.2.0, 0.1.4, 0.1.3, 0.1.2, 0.1.1, 0.1.0, 0.1.0-dev, 0.0.7, 0.0.6, 0.0.5, 0.0.4
146 silly fetchPackageMetaData
146 silly fetchPackageMetaData     at pickVersionFromRegistryDocument (/usr/local/lib/node_modules/npm/lib/fetch-package-metadata.js:178:16)
146 silly fetchPackageMetaData     at /usr/local/lib/node_modules/npm/node_modules/iferr/index.js:13:50
146 silly fetchPackageMetaData     at /usr/local/lib/node_modules/npm/lib/utils/pulse-till-done.js:20:8
146 silly fetchPackageMetaData     at saved (/usr/local/lib/node_modules/npm/lib/cache/caching-client.js:174:7)
146 silly fetchPackageMetaData     at /usr/local/lib/node_modules/npm/node_modules/graceful-fs/polyfills.js:241:18
146 silly fetchPackageMetaData     at FSReqWrap.oncomplete (fs.js:123:15)
146 silly fetchPackageMetaData  error for eslint@^#.#.# { Error: No compatible version found: eslint@^#.#.#
146 silly fetchPackageMetaData Valid install targets:
146 silly fetchPackageMetaData 4.0.0-alpha.2, 4.0.0-alpha.1, 4.0.0-alpha.0, 3.19.0, 3.18.0, 3.17.1, 3.17.0, 3.16.1, 3.16.0, 3.15.0, 3.14.1, 3.14.0, 3.13.1, 3.13.0, 3.12.2, 3.12.1, 3.12.0, 3.11.1, 3.11.0, 3.10.2, 3.10.1, 3.10.0, 3.9.1, 3.9.0, 3.8.1, 3.8.0, 3.7.1, 3.7.0, 3.6.1, 3.6.0, 3.5.0, 3.4.0, 3.3.1, 3.3.0, 3.2.2, 3.2.1, 3.2.0, 3.1.1, 3.1.0, 3.0.1, 3.0.0, 2.13.1, 2.13.0, 2.12.0, 2.11.1, 2.11.0, 2.10.2, 2.10.1, 2.10.0, 2.9.0, 2.8.0, 2.7.0, 2.6.0, 2.5.3, 2.5.2, 2.5.1, 2.5.0, 2.4.0, 2.3.0, 2.2.0, 2.1.0, 2.0.0, 2.0.0-rc.1, 2.0.0-rc.0, 2.0.0-beta.3, 2.0.0-beta.2, 2.0.0-beta.1, 2.0.0-alpha-2, 2.0.0-alpha-1, 1.10.3, 1.10.2, 1.10.1, 1.10.0, 1.9.0, 1.8.0, 1.7.3, 1.7.2, 1.7.1, 1.7.0, 1.6.0, 1.5.1, 1.5.0, 1.4.3, 1.4.2, 1.4.1, 1.4.0, 1.3.1, 1.3.0, 1.2.1, 1.2.0, 1.1.0, 1.0.0, 1.0.0-rc-3, 1.0.0-rc-2, 1.0.0-rc-1, 0.24.1, 0.24.0, 0.23.0, 0.22.1, 0.22.0, 0.21.2, 0.21.1, 0.21.0, 0.20.0, 0.19.0, 0.18.0, 0.17.1, 0.17.0, 0.16.2, 0.16.1, 0.16.0, 0.15.1, 0.15.0, 0.14.1, 0.14.0, 0.13.0, 0.12.0, 0.11.0, 0.11.0-alpha.0, 0.10.2, 0.10.1, 0.10.0, 0.10.0-alpha.2, 0.10.0-alpha.1, 0.10.0-alpha, 0.9.2, 0.9.1, 0.9.0, 0.8.2, 0.8.1, 0.8.0, 0.7.4, 0.7.3, 0.7.2, 0.7.1, 0.6.2, 0.6.1, 0.6.0, 0.5.1, 0.5.0, 0.4.5, 0.4.4, 0.4.3, 0.4.2, 0.4.1, 0.4.0, 0.3.0, 0.2.0, 0.1.4, 0.1.3, 0.1.2, 0.1.1, 0.1.0, 0.1.0-dev, 0.0.7, 0.0.6, 0.0.5, 0.0.4
146 silly fetchPackageMetaData
146 silly fetchPackageMetaData     at pickVersionFromRegistryDocument (/usr/local/lib/node_modules/npm/lib/fetch-package-metadata.js:178:16)
146 silly fetchPackageMetaData     at /usr/local/lib/node_modules/npm/node_modules/iferr/index.js:13:50
146 silly fetchPackageMetaData     at /usr/local/lib/node_modules/npm/lib/utils/pulse-till-done.js:20:8
146 silly fetchPackageMetaData     at saved (/usr/local/lib/node_modules/npm/lib/cache/caching-client.js:174:7)
146 silly fetchPackageMetaData     at /usr/local/lib/node_modules/npm/node_modules/graceful-fs/polyfills.js:241:18
146 silly fetchPackageMetaData     at FSReqWrap.oncomplete (fs.js:123:15) code: 'ETARGET' }
147 silly rollbackFailedOptional Starting
148 silly rollbackFailedOptional Finishing
149 silly runTopLevelLifecycles Finishing
150 silly install printInstalled
151 verbose stack Error: No compatible version found: eslint-plugin-jsx-a11y@^#.#.#
151 verbose stack Valid install targets:
151 verbose stack 5.0.1, 5.0.0, 4.0.0, 3.0.2, 3.0.1, 2.2.3, 2.2.2, 2.2.1, 2.2.0, 2.1.0, 2.0.1, 2.0.0, 1.5.5, 1.5.4, 1.5.3, 1.5.2, 1.5.1, 1.5.0, 1.4.2, 1.4.1, 1.4.0, 1.3.0, 1.2.3, 1.2.2, 1.2.1, 1.2.0, 1.1.0, 1.0.4, 1.0.3, 1.0.2, 1.0.1, 1.0.0, 0.6.2, 0.6.1, 0.6.0, 0.5.4, 0.5.3, 0.5.2, 0.5.1, 0.5.0, 0.4.3, 0.4.2, 0.4.1, 0.4.0, 0.3.1, 0.3.0, 0.2.2, 0.2.1, 0.2.0, 0.1.2, 0.1.1, 0.1.0, 0.0.2, 0.0.1
151 verbose stack
151 verbose stack     at pickVersionFromRegistryDocument (/usr/local/lib/node_modules/npm/lib/fetch-package-metadata.js:178:16)
151 verbose stack     at /usr/local/lib/node_modules/npm/node_modules/iferr/index.js:13:50
151 verbose stack     at /usr/local/lib/node_modules/npm/lib/utils/pulse-till-done.js:20:8
151 verbose stack     at saved (/usr/local/lib/node_modules/npm/lib/cache/caching-client.js:174:7)
151 verbose stack     at /usr/local/lib/node_modules/npm/node_modules/graceful-fs/polyfills.js:241:18
151 verbose stack     at FSReqWrap.oncomplete (fs.js:123:15)
152 verbose cwd /Users/jlb1982/hrsf76/greenfield
153 error Darwin 16.4.0
154 error argv "/usr/local/bin/node" "/usr/local/bin/npm" "install" "--save-dev" "eslint-config-airbnb" "eslint@^#.#.#" "eslint-plugin-jsx-a11y@^#.#.#" "eslint-plugin-import@^#.#.#" "eslint-plugin-react@^#.#.#"
155 error node v6.10.0
156 error npm  v3.10.10
157 error code ETARGET
158 error notarget No compatible version found: eslint-plugin-jsx-a11y@^#.#.#
158 error notarget Valid install targets:
158 error notarget 5.0.1, 5.0.0, 4.0.0, 3.0.2, 3.0.1, 2.2.3, 2.2.2, 2.2.1, 2.2.0, 2.1.0, 2.0.1, 2.0.0, 1.5.5, 1.5.4, 1.5.3, 1.5.2, 1.5.1, 1.5.0, 1.4.2, 1.4.1, 1.4.0, 1.3.0, 1.2.3, 1.2.2, 1.2.1, 1.2.0, 1.1.0, 1.0.4, 1.0.3, 1.0.2, 1.0.1, 1.0.0, 0.6.2, 0.6.1, 0.6.0, 0.5.4, 0.5.3, 0.5.2, 0.5.1, 0.5.0, 0.4.3, 0.4.2, 0.4.1, 0.4.0, 0.3.1, 0.3.0, 0.2.2, 0.2.1, 0.2.0, 0.1.2, 0.1.1, 0.1.0, 0.0.2, 0.0.1
159 error notarget This is most likely not a problem with npm itself.
159 error notarget In most cases you or one of your dependencies are requesting
159 error notarget a package version that doesn't exist.
160 verbose exit [ 1, true ]
